INFO: STDOUT/STDERR redirected to file
INFO: IMPORTING DATA
INFO: BASE MODEL
INFO: ORIGINAL ACCURACY  0.9779837727546692
INFO: MUTATING CHROMOSOMES
Mutating for 1 th time
Newly aded 0.9574159979820251
Mutating for 2 th time
Newly aded 0.9640787839889526
Mutating for 3 th time
Newly aded 0.9678447246551514
Mutating for 4 th time
Newly aded 0.9658169150352478
Mutating for 5 th time
Newly aded 0.9710313081741333
Mutating for 6 th time
Newly aded 0.9687137603759766
Mutating for 7 th time
Newly aded 0.9655272364616394
Mutating for 8 th time
Newly aded 0.9655272364616394
Mutating for 9 th time
Newly aded 0.9704518914222717
Mutating for 10 th time
Newly aded 0.9672653675079346
Mutating for 11 th time
Newly aded 0.9695828557014465
Mutating for 12 th time
Newly aded 0.9669756889343262
Mutating for 13 th time
Newly aded 0.9690034985542297
Mutating for 14 th time
Newly aded 0.9681344032287598
Mutating for 15 th time
Newly aded 0.9661065936088562
Mutating for 16 th time
Newly aded 0.9698725342750549
Mutating for 17 th time
Newly aded 0.9701622128486633
Mutating for 18 th time
Newly aded 0.9663962721824646
Mutating for 19 th time
Newly aded 0.9707415699958801
Mutating for 20 th time
Newly aded 0.9710313081741333
Mutating for 21 th time
Newly aded 0.9687137603759766
Mutating for 22 th time
Newly aded 0.9681344032287598
Mutating for 23 th time
Newly aded 0.9608922600746155
Mutating for 24 th time
Newly aded 0.9698725342750549
Mutating for 25 th time
Newly aded 0.9716106653213501
Mutating for 26 th time
Newly aded 0.9663962721824646
Mutating for 27 th time
Newly aded 0.965237557888031
Mutating for 28 th time
Newly aded 0.9695828557014465
Mutating for 29 th time
Newly aded 0.9690034985542297
Mutating for 30 th time
Newly aded 0.9695828557014465
Mutating for 31 th time
Newly aded 0.966685950756073
Mutating for 32 th time
Newly aded 0.9698725342750549
Mutating for 33 th time
Newly aded 0.9632097482681274
Mutating for 34 th time
Newly aded 0.9692931771278381
Mutating for 35 th time
Newly aded 0.9727693796157837
Mutating for 36 th time
Newly aded 0.9681344032287598
Mutating for 37 th time
Newly aded 0.9707415699958801
Mutating for 38 th time
Newly aded 0.9701622128486633
Mutating for 39 th time
Newly aded 0.9730591177940369
Mutating for 40 th time
Newly aded 0.9661065936088562
Mutating for 41 th time
Newly aded 0.9678447246551514
Mutating for 42 th time
Newly aded 0.9707415699958801
Mutating for 43 th time
Newly aded 0.9681344032287598
Mutating for 44 th time
Newly aded 0.9617612957954407
Mutating for 45 th time
Newly aded 0.9724797010421753
Mutating for 46 th time
Newly aded 0.9663962721824646
Mutating for 47 th time
Newly aded 0.9704518914222717
Mutating for 48 th time
Newly aded 0.9692931771278381
Mutating for 49 th time
Newly aded 0.9684240818023682
Mutating for 50 th time
Newly aded 0.9704518914222717
Mutating for 51 th time
Newly aded 0.9745075106620789
Mutating for 52 th time
Newly aded 0.9690034985542297
Mutating for 53 th time
Newly aded 0.9719003438949585
Mutating for 54 th time
Newly aded 0.9713209867477417
Mutating for 55 th time
Newly aded 0.9661065936088562
Mutating for 56 th time
Newly aded 0.9690034985542297
Mutating for 57 th time
Newly aded 0.9716106653213501
Mutating for 58 th time
Newly aded 0.967555046081543
Mutating for 59 th time
Newly aded 0.964368462562561
Mutating for 60 th time
Newly aded 0.966685950756073
Mutating for 61 th time
Newly aded 0.9742178320884705
Mutating for 62 th time
Newly aded 0.9684240818023682
Mutating for 63 th time
Newly aded 0.9672653675079346
Mutating for 64 th time
Newly aded 0.9687137603759766
Mutating for 65 th time
Newly aded 0.9742178320884705
Mutating for 66 th time
Newly aded 0.9695828557014465
Mutating for 67 th time
Newly aded 0.967555046081543
Mutating for 68 th time
Newly aded 0.9701622128486633
Mutating for 69 th time
Newly aded 0.9690034985542297
Mutating for 70 th time
Newly aded 0.962920069694519
Mutating for 71 th time
Newly aded 0.9649478793144226
Mutating for 72 th time
Newly aded 0.9719003438949585
Mutating for 73 th time
Newly aded 0.9672653675079346
Mutating for 74 th time
Newly aded 0.9661065936088562
Mutating for 75 th time
Newly aded 0.9710313081741333
Mutating for 76 th time
Newly aded 0.9692931771278381
Mutating for 77 th time
Newly aded 0.9701622128486633
Mutating for 78 th time
Newly aded 0.9663962721824646
Mutating for 79 th time
Newly aded 0.9710313081741333
Mutating for 80 th time
Newly aded 0.9655272364616394
Obtained Accuracy 0.9745075106620789 obtained on chromosome [[1, 1, 0, 1, 1, 1, 1, 1, 1, 0, 1, 1, 0, 0, 1, 1, 0, 1, 0, 1, 1, 1, 1, 0, 1, 0, 1, 1, 1, 0, 1, 0, 1, 1, 0, 1, 0, 0, 1, 1, 1, 1, 0, 0, 1, 1, 1, 1, 1, 1, 1, 1, 1, 1, 1, 0, 1, 0, 1, 1, 0, 0, 1, 1, 1, 0, 0, 1, 1, 1, 0, 1, 1, 1, 1, 0, 1, 0, 0, 0, 1, 0, 1, 1, 1, 1, 1, 1, 1, 1, 1, 1, 0, 1, 1, 0, 1, 1, 1, 1, 1, 1, 1, 0, 1, 1, 0, 1, 1, 1, 1, 0, 1, 1, 0, 1, 1, 0, 1, 1, 1, 0, 1, 1, 1, 1, 0, 1, 1, 1, 0, 1, 1, 1, 0, 1, 0, 1, 1, 0, 0, 1, 0, 1, 1, 1, 0, 0, 1, 0, 1, 0, 1, 1, 1, 0, 0, 1, 1, 1, 0, 1, 0, 1, 1, 0, 0, 0, 1, 1, 0, 1, 0, 1, 1, 0, 1, 1, 1, 0, 0, 0, 0, 0, 1, 1, 1, 1, 0, 1, 1, 1, 0, 0, 0, 1, 1, 0, 0, 1, 1, 0, 0, 1, 1, 1, 1, 1, 1, 1, 0, 1, 1, 1, 0, 1, 1, 0, 1, 0, 1, 1, 1, 1, 1, 1, 1, 1, 0, 1, 1, 1, 1, 1, 1, 1, 0, 1, 1, 1, 1, 1, 1, 0, 1, 1, 1, 0, 1, 0, 0, 1, 1, 1, 1, 1], 0.9745075106620789]
